> Task :app:preBuild UP-TO-DATE
> Task :app:preReleaseBuild UP-TO-DATE
> Task :app:javaPreCompileRelease
> Task :app:checkReleaseAarMetadata FAILED

[Incubating] Problems report is available at: file:///data/data/com.termux/files/home/CodeEditor98/build/reports/problems/problems-report.html

FAILURE: Build failed with an exception.

* What went wrong:
Execution failed for task ':app:checkReleaseAarMetadata'.
> Could not resolve all files for configuration ':app:releaseRuntimeClasspath'.
   > Could not find br.tiagohm:CodeView:1.3.2.
     Searched in the following locations:
       - https://jitpack.io/br/tiagohm/CodeView/1.3.2/CodeView-1.3.2.pom
       - https://dl.google.com/dl/android/maven2/br/tiagohm/CodeView/1.3.2/CodeView-1.3.2.pom
       - https://repo.maven.apache.org/maven2/br/tiagohm/CodeView/1.3.2/CodeView-1.3.2.pom
     Required by:
         project :app

* Try:
> Run with --stacktrace option to get the stack trace.
> Run with --info or --debug option to get more log output.
> Run with --scan to get full insights.
> Get more help at https://help.gradle.org.

Deprecated Gradle features were used in this build, making it incompatible with Gradle 9.0.

You can use '--warning-mode all' to show the individual deprecation warnings and determine if they come from your own scripts or plugins.

For more on this, please refer to https://docs.gradle.org/8.13/userguide/command_line_interface.html#sec:command_line_warnings in the Gradle documentation.

BUILD FAILED in 3s
2 actionable tasks: 2 executed
